[INFO  - 2021-04-14T05:20:26.606Z] GhostDriver - Main - running on port 18834
[INFO  - 2021-04-14T05:20:26.934Z] Session [1f286dd0-9ce1-11eb-a40c-3f1348e4c00b] - page.settings - {"XSSAuditingEnabled":false,"javascriptCanCloseWindows":true,"javascriptCanOpenWindows":true,"javascriptEnabled":true,"loadImages":true,"localToRemoteUrlAccessEnabled":false,"userAgent":"Mozilla/5.0 (Macintosh; Intel Mac OS X) AppleWebKit/538.1 (KHTML, like Gecko) PhantomJS/2.1.1 Safari/538.1","webSecurityEnabled":true}
[INFO  - 2021-04-14T05:20:26.934Z] Session [1f286dd0-9ce1-11eb-a40c-3f1348e4c00b] - page.customHeaders:  - {}
[INFO  - 2021-04-14T05:20:26.934Z] Session [1f286dd0-9ce1-11eb-a40c-3f1348e4c00b] - Session.negotiatedCapabilities - {"browserName":"phantomjs","version":"2.1.1","driverName":"ghostdriver","driverVersion":"1.2.0","platform":"mac-unknown-64bit","javascriptEnabled":true,"takesScreenshot":true,"handlesAlerts":false,"databaseEnabled":false,"locationContextEnabled":false,"applicationCacheEnabled":false,"browserConnectionEnabled":false,"cssSelectorsEnabled":true,"webStorageEnabled":false,"rotatable":false,"acceptSslCerts":false,"nativeEvents":true,"proxy":{"proxyType":"direct"}}
[INFO  - 2021-04-14T05:20:26.935Z] SessionManagerReqHand - _postNewSessionCommand - New Session Created: 1f286dd0-9ce1-11eb-a40c-3f1348e4c00b
[ERROR - 2021-04-14T05:20:30.523Z] Session [1f286dd0-9ce1-11eb-a40c-3f1348e4c00b] - page.onError - msg: ReferenceError: Can't find variable: URLSearchParams
[ERROR - 2021-04-14T05:20:30.524Z] Session [1f286dd0-9ce1-11eb-a40c-3f1348e4c00b] - page.onError - stack:
  getParam (https://cdn.cookielaw.org/scripttemplates/otSDKStub.js:1)
  initConsentSDK (https://cdn.cookielaw.org/scripttemplates/otSDKStub.js:1)
  Q (https://cdn.cookielaw.org/scripttemplates/otSDKStub.js:1)
  (anonymous function) (https://cdn.cookielaw.org/scripttemplates/otSDKStub.js:1)
[INFO  - 2021-04-14T05:24:39.913Z] GhostDriver - Main - running on port 1659
[INFO  - 2021-04-14T05:24:40.242Z] Session [b6249ec0-9ce1-11eb-8604-15d4ad1fa78a] - page.settings - {"XSSAuditingEnabled":false,"javascriptCanCloseWindows":true,"javascriptCanOpenWindows":true,"javascriptEnabled":true,"loadImages":true,"localToRemoteUrlAccessEnabled":false,"userAgent":"Mozilla/5.0 (Macintosh; Intel Mac OS X) AppleWebKit/538.1 (KHTML, like Gecko) PhantomJS/2.1.1 Safari/538.1","webSecurityEnabled":true}
[INFO  - 2021-04-14T05:24:40.242Z] Session [b6249ec0-9ce1-11eb-8604-15d4ad1fa78a] - page.customHeaders:  - {}
[INFO  - 2021-04-14T05:24:40.243Z] Session [b6249ec0-9ce1-11eb-8604-15d4ad1fa78a] - Session.negotiatedCapabilities - {"browserName":"phantomjs","version":"2.1.1","driverName":"ghostdriver","driverVersion":"1.2.0","platform":"mac-unknown-64bit","javascriptEnabled":true,"takesScreenshot":true,"handlesAlerts":false,"databaseEnabled":false,"locationContextEnabled":false,"applicationCacheEnabled":false,"browserConnectionEnabled":false,"cssSelectorsEnabled":true,"webStorageEnabled":false,"rotatable":false,"acceptSslCerts":false,"nativeEvents":true,"proxy":{"proxyType":"direct"}}
[INFO  - 2021-04-14T05:24:40.243Z] SessionManagerReqHand - _postNewSessionCommand - New Session Created: b6249ec0-9ce1-11eb-8604-15d4ad1fa78a
[ERROR - 2021-04-14T05:24:43.725Z] Session [b6249ec0-9ce1-11eb-8604-15d4ad1fa78a] - page.onError - msg: ReferenceError: Can't find variable: URLSearchParams
[ERROR - 2021-04-14T05:24:43.726Z] Session [b6249ec0-9ce1-11eb-8604-15d4ad1fa78a] - page.onError - stack:
  getParam (https://cdn.cookielaw.org/scripttemplates/otSDKStub.js:1)
  initConsentSDK (https://cdn.cookielaw.org/scripttemplates/otSDKStub.js:1)
  Q (https://cdn.cookielaw.org/scripttemplates/otSDKStub.js:1)
  (anonymous function) (https://cdn.cookielaw.org/scripttemplates/otSDKStub.js:1)
[INFO  - 2021-04-14T05:29:39.941Z] SessionManagerReqHand - _cleanupWindowlessSessions - Asynchronous Sessions clean-up phase starting NOW
[INFO  - 2021-04-14T05:34:39.952Z] SessionManagerReqHand - _cleanupWindowlessSessions - Asynchronous Sessions clean-up phase starting NOW
